mode: atomic
github.com/aethelred/sdk-go/pkg/nn/attention.go:44.171,45.15 1 0
github.com/aethelred/sdk-go/pkg/nn/attention.go:45.15,47.3 1 0
github.com/aethelred/sdk-go/pkg/nn/attention.go:48.2,48.15 1 0
github.com/aethelred/sdk-go/pkg/nn/attention.go:48.15,50.3 1 0
github.com/aethelred/sdk-go/pkg/nn/attention.go:52.2,53.28 2 0
github.com/aethelred/sdk-go/pkg/nn/attention.go:53.28,55.3 1 0
github.com/aethelred/sdk-go/pkg/nn/attention.go:57.2,75.16 4 0
github.com/aethelred/sdk-go/pkg/nn/attention.go:75.16,77.3 1 0
github.com/aethelred/sdk-go/pkg/nn/attention.go:78.2,81.16 3 0
github.com/aethelred/sdk-go/pkg/nn/attention.go:81.16,83.3 1 0
github.com/aethelred/sdk-go/pkg/nn/attention.go:84.2,87.16 3 0
github.com/aethelred/sdk-go/pkg/nn/attention.go:87.16,89.3 1 0
github.com/aethelred/sdk-go/pkg/nn/attention.go:90.2,93.16 3 0
github.com/aethelred/sdk-go/pkg/nn/attention.go:93.16,95.3 1 0
github.com/aethelred/sdk-go/pkg/nn/attention.go:96.2,98.15 2 0
github.com/aethelred/sdk-go/pkg/nn/attention.go:98.15,106.3 6 0
github.com/aethelred/sdk-go/pkg/nn/attention.go:108.2,110.17 2 0
github.com/aethelred/sdk-go/pkg/nn/attention.go:114.86,116.2 1 0
github.com/aethelred/sdk-go/pkg/nn/attention.go:119.147,126.20 5 0
github.com/aethelred/sdk-go/pkg/nn/attention.go:126.20,130.3 3 0
github.com/aethelred/sdk-go/pkg/nn/attention.go:130.8,134.3 3 0
github.com/aethelred/sdk-go/pkg/nn/attention.go:137.2,138.16 2 0
github.com/aethelred/sdk-go/pkg/nn/attention.go:138.16,140.3 1 0
github.com/aethelred/sdk-go/pkg/nn/attention.go:142.2,143.16 2 0
github.com/aethelred/sdk-go/pkg/nn/attention.go:143.16,145.3 1 0
github.com/aethelred/sdk-go/pkg/nn/attention.go:147.2,148.16 2 0
github.com/aethelred/sdk-go/pkg/nn/attention.go:148.16,150.3 1 0
github.com/aethelred/sdk-go/pkg/nn/attention.go:154.2,166.16 9 0
github.com/aethelred/sdk-go/pkg/nn/attention.go:166.16,168.3 1 0
github.com/aethelred/sdk-go/pkg/nn/attention.go:171.2,175.21 3 0
github.com/aethelred/sdk-go/pkg/nn/attention.go:175.21,177.3 1 0
github.com/aethelred/sdk-go/pkg/nn/attention.go:180.2,181.16 2 0
github.com/aethelred/sdk-go/pkg/nn/attention.go:181.16,183.3 1 0
github.com/aethelred/sdk-go/pkg/nn/attention.go:186.2,187.16 2 0
github.com/aethelred/sdk-go/pkg/nn/attention.go:187.16,189.3 1 0
github.com/aethelred/sdk-go/pkg/nn/attention.go:192.2,193.16 2 0
github.com/aethelred/sdk-go/pkg/nn/attention.go:193.16,195.3 1 0
github.com/aethelred/sdk-go/pkg/nn/attention.go:198.2,203.16 4 0
github.com/aethelred/sdk-go/pkg/nn/attention.go:203.16,205.3 1 0
github.com/aethelred/sdk-go/pkg/nn/attention.go:207.2,207.20 1 0
github.com/aethelred/sdk-go/pkg/nn/attention.go:224.93,234.2 1 0
github.com/aethelred/sdk-go/pkg/nn/attention.go:237.83,247.16 6 0
github.com/aethelred/sdk-go/pkg/nn/attention.go:247.16,249.3 1 0
github.com/aethelred/sdk-go/pkg/nn/attention.go:252.2,256.15 3 0
github.com/aethelred/sdk-go/pkg/nn/attention.go:256.15,261.31 4 0
github.com/aethelred/sdk-go/pkg/nn/attention.go:261.31,262.32 1 0
github.com/aethelred/sdk-go/pkg/nn/attention.go:262.32,263.14 1 0
github.com/aethelred/sdk-go/pkg/nn/attention.go:263.14,265.6 1 0
github.com/aethelred/sdk-go/pkg/nn/attention.go:268.3,268.28 1 0
github.com/aethelred/sdk-go/pkg/nn/attention.go:272.2,273.16 2 0
github.com/aethelred/sdk-go/pkg/nn/attention.go:273.16,275.3 1 0
github.com/aethelred/sdk-go/pkg/nn/attention.go:278.2,279.16 2 0
github.com/aethelred/sdk-go/pkg/nn/attention.go:279.16,281.3 1 0
github.com/aethelred/sdk-go/pkg/nn/attention.go:283.2,283.20 1 0
github.com/aethelred/sdk-go/pkg/nn/attention.go:310.166,311.25 1 0
github.com/aethelred/sdk-go/pkg/nn/attention.go:311.25,313.3 1 0
github.com/aethelred/sdk-go/pkg/nn/attention.go:314.2,314.22 1 0
github.com/aethelred/sdk-go/pkg/nn/attention.go:314.22,316.3 1 0
github.com/aethelred/sdk-go/pkg/nn/attention.go:318.2,333.16 4 0
github.com/aethelred/sdk-go/pkg/nn/attention.go:333.16,335.3 1 0
github.com/aethelred/sdk-go/pkg/nn/attention.go:336.2,340.16 3 0
github.com/aethelred/sdk-go/pkg/nn/attention.go:340.16,342.3 1 0
github.com/aethelred/sdk-go/pkg/nn/attention.go:343.2,346.16 3 0
github.com/aethelred/sdk-go/pkg/nn/attention.go:346.16,348.3 1 0
github.com/aethelred/sdk-go/pkg/nn/attention.go:349.2,353.16 3 0
github.com/aethelred/sdk-go/pkg/nn/attention.go:353.16,355.3 1 0
github.com/aethelred/sdk-go/pkg/nn/attention.go:356.2,359.16 3 0
github.com/aethelred/sdk-go/pkg/nn/attention.go:359.16,361.3 1 0
github.com/aethelred/sdk-go/pkg/nn/attention.go:362.2,369.20 4 0
github.com/aethelred/sdk-go/pkg/nn/attention.go:370.14,371.34 1 0
github.com/aethelred/sdk-go/pkg/nn/attention.go:372.23,373.37 1 0
github.com/aethelred/sdk-go/pkg/nn/attention.go:374.10,375.37 1 0
github.com/aethelred/sdk-go/pkg/nn/attention.go:378.2,378.19 1 0
github.com/aethelred/sdk-go/pkg/nn/attention.go:382.87,384.2 1 0
github.com/aethelred/sdk-go/pkg/nn/attention.go:387.138,391.17 3 0
github.com/aethelred/sdk-go/pkg/nn/attention.go:391.17,394.17 2 0
github.com/aethelred/sdk-go/pkg/nn/attention.go:394.17,396.4 1 0
github.com/aethelred/sdk-go/pkg/nn/attention.go:398.3,399.17 2 0
github.com/aethelred/sdk-go/pkg/nn/attention.go:399.17,401.4 1 0
github.com/aethelred/sdk-go/pkg/nn/attention.go:402.3,403.17 2 0
github.com/aethelred/sdk-go/pkg/nn/attention.go:403.17,405.4 1 0
github.com/aethelred/sdk-go/pkg/nn/attention.go:406.3,410.17 3 0
github.com/aethelred/sdk-go/pkg/nn/attention.go:410.17,412.4 1 0
github.com/aethelred/sdk-go/pkg/nn/attention.go:413.3,414.17 2 0
github.com/aethelred/sdk-go/pkg/nn/attention.go:414.17,416.4 1 0
github.com/aethelred/sdk-go/pkg/nn/attention.go:417.3,417.20 1 0
github.com/aethelred/sdk-go/pkg/nn/attention.go:418.8,421.17 2 0
github.com/aethelred/sdk-go/pkg/nn/attention.go:421.17,423.4 1 0
github.com/aethelred/sdk-go/pkg/nn/attention.go:424.3,425.17 2 0
github.com/aethelred/sdk-go/pkg/nn/attention.go:425.17,427.4 1 0
github.com/aethelred/sdk-go/pkg/nn/attention.go:428.3,430.17 3 0
github.com/aethelred/sdk-go/pkg/nn/attention.go:430.17,432.4 1 0
github.com/aethelred/sdk-go/pkg/nn/attention.go:435.3,436.17 2 0
github.com/aethelred/sdk-go/pkg/nn/attention.go:436.17,438.4 1 0
github.com/aethelred/sdk-go/pkg/nn/attention.go:439.3,441.17 3 0
github.com/aethelred/sdk-go/pkg/nn/attention.go:441.17,443.4 1 0
github.com/aethelred/sdk-go/pkg/nn/attention.go:446.2,446.15 1 0
github.com/aethelred/sdk-go/pkg/nn/attention.go:449.89,451.16 2 0
github.com/aethelred/sdk-go/pkg/nn/attention.go:451.16,453.3 1 0
github.com/aethelred/sdk-go/pkg/nn/attention.go:454.2,455.16 2 0
github.com/aethelred/sdk-go/pkg/nn/attention.go:455.16,457.3 1 0
github.com/aethelred/sdk-go/pkg/nn/attention.go:458.2,459.16 2 0
github.com/aethelred/sdk-go/pkg/nn/attention.go:459.16,461.3 1 0
github.com/aethelred/sdk-go/pkg/nn/attention.go:462.2,462.31 1 0
github.com/aethelred/sdk-go/pkg/nn/attention.go:490.166,491.25 1 0
github.com/aethelred/sdk-go/pkg/nn/attention.go:491.25,493.3 1 0
github.com/aethelred/sdk-go/pkg/nn/attention.go:494.2,494.22 1 0
github.com/aethelred/sdk-go/pkg/nn/attention.go:494.22,496.3 1 0
github.com/aethelred/sdk-go/pkg/nn/attention.go:498.2,513.16 4 0
github.com/aethelred/sdk-go/pkg/nn/attention.go:513.16,515.3 1 0
github.com/aethelred/sdk-go/pkg/nn/attention.go:516.2,520.16 3 0
github.com/aethelred/sdk-go/pkg/nn/attention.go:520.16,522.3 1 0
github.com/aethelred/sdk-go/pkg/nn/attention.go:523.2,527.16 3 0
github.com/aethelred/sdk-go/pkg/nn/attention.go:527.16,529.3 1 0
github.com/aethelred/sdk-go/pkg/nn/attention.go:530.2,533.16 3 0
github.com/aethelred/sdk-go/pkg/nn/attention.go:533.16,535.3 1 0
github.com/aethelred/sdk-go/pkg/nn/attention.go:536.2,554.20 11 0
github.com/aethelred/sdk-go/pkg/nn/attention.go:555.14,556.34 1 0
github.com/aethelred/sdk-go/pkg/nn/attention.go:557.23,558.37 1 0
github.com/aethelred/sdk-go/pkg/nn/attention.go:559.10,560.37 1 0
github.com/aethelred/sdk-go/pkg/nn/attention.go:563.2,563.19 1 0
github.com/aethelred/sdk-go/pkg/nn/attention.go:567.87,569.2 1 0
github.com/aethelred/sdk-go/pkg/nn/attention.go:572.126,576.17 3 0
github.com/aethelred/sdk-go/pkg/nn/attention.go:576.17,579.17 2 0
github.com/aethelred/sdk-go/pkg/nn/attention.go:579.17,581.4 1 0
github.com/aethelred/sdk-go/pkg/nn/attention.go:584.3,585.17 2 0
github.com/aethelred/sdk-go/pkg/nn/attention.go:585.17,587.4 1 0
github.com/aethelred/sdk-go/pkg/nn/attention.go:588.3,592.20 3 0
github.com/aethelred/sdk-go/pkg/nn/attention.go:592.20,595.18 3 0
github.com/aethelred/sdk-go/pkg/nn/attention.go:595.18,597.5 1 0
github.com/aethelred/sdk-go/pkg/nn/attention.go:598.4,599.27 2 0
github.com/aethelred/sdk-go/pkg/nn/attention.go:603.3,605.17 3 0
github.com/aethelred/sdk-go/pkg/nn/attention.go:605.17,607.4 1 0
github.com/aethelred/sdk-go/pkg/nn/attention.go:608.3,608.20 1 0
github.com/aethelred/sdk-go/pkg/nn/attention.go:609.8,612.3 1 0
github.com/aethelred/sdk-go/pkg/nn/attention.go:614.2,614.15 1 0
github.com/aethelred/sdk-go/pkg/nn/attention.go:617.89,619.16 2 0
github.com/aethelred/sdk-go/pkg/nn/attention.go:619.16,621.3 1 0
github.com/aethelred/sdk-go/pkg/nn/attention.go:622.2,623.16 2 0
github.com/aethelred/sdk-go/pkg/nn/attention.go:623.16,625.3 1 0
github.com/aethelred/sdk-go/pkg/nn/attention.go:626.2,627.16 2 0
github.com/aethelred/sdk-go/pkg/nn/attention.go:627.16,629.3 1 0
github.com/aethelred/sdk-go/pkg/nn/attention.go:630.2,630.31 1 0
github.com/aethelred/sdk-go/pkg/nn/attention.go:646.94,657.16 3 0
github.com/aethelred/sdk-go/pkg/nn/attention.go:657.16,659.3 1 0
github.com/aethelred/sdk-go/pkg/nn/attention.go:661.2,662.36 2 0
github.com/aethelred/sdk-go/pkg/nn/attention.go:662.36,663.34 1 0
github.com/aethelred/sdk-go/pkg/nn/attention.go:663.34,666.20 3 0
github.com/aethelred/sdk-go/pkg/nn/attention.go:666.20,668.5 1 0
github.com/aethelred/sdk-go/pkg/nn/attention.go:672.2,673.16 2 0
github.com/aethelred/sdk-go/pkg/nn/attention.go:677.81,684.16 4 0
github.com/aethelred/sdk-go/pkg/nn/attention.go:684.16,686.3 1 0
github.com/aethelred/sdk-go/pkg/nn/attention.go:689.2,692.33 2 0
github.com/aethelred/sdk-go/pkg/nn/attention.go:705.85,706.15 1 0
github.com/aethelred/sdk-go/pkg/nn/attention.go:706.15,708.3 1 0
github.com/aethelred/sdk-go/pkg/nn/attention.go:710.2,719.16 3 0
github.com/aethelred/sdk-go/pkg/nn/attention.go:719.16,721.3 1 0
github.com/aethelred/sdk-go/pkg/nn/attention.go:723.2,725.39 3 0
github.com/aethelred/sdk-go/pkg/nn/attention.go:725.39,726.32 1 0
github.com/aethelred/sdk-go/pkg/nn/attention.go:726.32,731.4 4 0
github.com/aethelred/sdk-go/pkg/nn/attention.go:734.2,735.16 2 0
github.com/aethelred/sdk-go/pkg/nn/attention.go:739.90,742.2 1 0
github.com/aethelred/sdk-go/pkg/nn/containers.go:18.51,24.28 2 2
github.com/aethelred/sdk-go/pkg/nn/containers.go:24.28,26.3 1 2
github.com/aethelred/sdk-go/pkg/nn/containers.go:28.2,28.10 1 2
github.com/aethelred/sdk-go/pkg/nn/containers.go:32.76,36.30 3 1
github.com/aethelred/sdk-go/pkg/nn/containers.go:36.30,38.17 2 2
github.com/aethelred/sdk-go/pkg/nn/containers.go:38.17,40.4 1 0
github.com/aethelred/sdk-go/pkg/nn/containers.go:43.2,43.15 1 1
github.com/aethelred/sdk-go/pkg/nn/containers.go:47.41,51.2 3 2
github.com/aethelred/sdk-go/pkg/nn/containers.go:54.32,56.2 1 2
github.com/aethelred/sdk-go/pkg/nn/containers.go:59.42,60.38 1 2
github.com/aethelred/sdk-go/pkg/nn/containers.go:60.38,62.3 1 1
github.com/aethelred/sdk-go/pkg/nn/containers.go:63.2,63.23 1 1
github.com/aethelred/sdk-go/pkg/nn/containers.go:73.51,79.28 2 3
github.com/aethelred/sdk-go/pkg/nn/containers.go:79.28,81.3 1 1
github.com/aethelred/sdk-go/pkg/nn/containers.go:83.2,83.11 1 3
github.com/aethelred/sdk-go/pkg/nn/containers.go:87.77,89.2 1 1
github.com/aethelred/sdk-go/pkg/nn/containers.go:92.45,96.2 3 3
github.com/aethelred/sdk-go/pkg/nn/containers.go:99.49,100.28 1 1
github.com/aethelred/sdk-go/pkg/nn/containers.go:100.28,102.3 1 2
github.com/aethelred/sdk-go/pkg/nn/containers.go:106.43,107.13 1 3
github.com/aethelred/sdk-go/pkg/nn/containers.go:107.13,109.3 1 1
github.com/aethelred/sdk-go/pkg/nn/containers.go:110.2,110.39 1 3
github.com/aethelred/sdk-go/pkg/nn/containers.go:110.39,112.3 1 1
github.com/aethelred/sdk-go/pkg/nn/containers.go:113.2,113.24 1 2
github.com/aethelred/sdk-go/pkg/nn/containers.go:117.33,119.2 1 2
github.com/aethelred/sdk-go/pkg/nn/containers.go:122.39,124.2 1 1
github.com/aethelred/sdk-go/pkg/nn/containers.go:134.59,141.31 2 2
github.com/aethelred/sdk-go/pkg/nn/containers.go:141.31,143.3 1 2
github.com/aethelred/sdk-go/pkg/nn/containers.go:145.2,145.11 1 2
github.com/aethelred/sdk-go/pkg/nn/containers.go:149.77,151.2 1 1
github.com/aethelred/sdk-go/pkg/nn/containers.go:154.55,155.44 1 4
github.com/aethelred/sdk-go/pkg/nn/containers.go:155.44,157.3 1 4
github.com/aethelred/sdk-go/pkg/nn/containers.go:158.2,159.32 2 4
github.com/aethelred/sdk-go/pkg/nn/containers.go:163.55,166.2 2 1
github.com/aethelred/sdk-go/pkg/nn/containers.go:169.43,171.29 2 1
github.com/aethelred/sdk-go/pkg/nn/containers.go:171.29,172.16 1 1
github.com/aethelred/sdk-go/pkg/nn/containers.go:172.16,174.9 2 1
github.com/aethelred/sdk-go/pkg/nn/containers.go:180.39,182.2 1 1
github.com/aethelred/sdk-go/pkg/nn/containers.go:185.41,187.32 2 1
github.com/aethelred/sdk-go/pkg/nn/containers.go:187.32,189.3 1 2
github.com/aethelred/sdk-go/pkg/nn/containers.go:190.2,190.15 1 1
github.com/aethelred/sdk-go/pkg/nn/containers.go:197.3,202.32 2 1
github.com/aethelred/sdk-go/pkg/nn/containers.go:202.32,205.3 2 2
github.com/aethelred/sdk-go/pkg/nn/containers.go:206.2,206.14 1 1
github.com/aethelred/sdk-go/pkg/nn/containers.go:210.33,212.2 1 2
github.com/aethelred/sdk-go/pkg/nn/containers.go:221.60,227.27 2 1
github.com/aethelred/sdk-go/pkg/nn/containers.go:227.27,229.3 1 0
github.com/aethelred/sdk-go/pkg/nn/containers.go:231.2,231.11 1 1
github.com/aethelred/sdk-go/pkg/nn/containers.go:235.80,237.2 1 0
github.com/aethelred/sdk-go/pkg/nn/containers.go:240.51,244.2 3 1
github.com/aethelred/sdk-go/pkg/nn/containers.go:247.50,248.13 1 2
github.com/aethelred/sdk-go/pkg/nn/containers.go:248.13,250.3 1 1
github.com/aethelred/sdk-go/pkg/nn/containers.go:251.2,251.38 1 2
github.com/aethelred/sdk-go/pkg/nn/containers.go:251.38,253.3 1 1
github.com/aethelred/sdk-go/pkg/nn/containers.go:254.2,254.23 1 1
github.com/aethelred/sdk-go/pkg/nn/containers.go:258.36,260.2 1 1
github.com/aethelred/sdk-go/pkg/nn/containers.go:270.68,277.30 2 1
github.com/aethelred/sdk-go/pkg/nn/containers.go:277.30,279.3 1 1
github.com/aethelred/sdk-go/pkg/nn/containers.go:281.2,281.11 1 1
github.com/aethelred/sdk-go/pkg/nn/containers.go:285.80,287.2 1 1
github.com/aethelred/sdk-go/pkg/nn/containers.go:290.61,291.43 1 2
github.com/aethelred/sdk-go/pkg/nn/containers.go:291.43,293.3 1 2
github.com/aethelred/sdk-go/pkg/nn/containers.go:294.2,295.35 2 2
github.com/aethelred/sdk-go/pkg/nn/containers.go:299.62,302.2 2 1
github.com/aethelred/sdk-go/pkg/nn/containers.go:305.42,307.2 1 2
github.com/aethelred/sdk-go/pkg/nn/containers.go:317.30,321.2 1 1
github.com/aethelred/sdk-go/pkg/nn/containers.go:324.74,326.2 1 1
github.com/aethelred/sdk-go/pkg/nn/containers.go:338.48,339.19 1 1
github.com/aethelred/sdk-go/pkg/nn/containers.go:339.19,341.3 1 1
github.com/aethelred/sdk-go/pkg/nn/containers.go:342.2,342.17 1 1
github.com/aethelred/sdk-go/pkg/nn/containers.go:342.17,344.3 1 1
github.com/aethelred/sdk-go/pkg/nn/containers.go:345.2,349.3 1 1
github.com/aethelred/sdk-go/pkg/nn/containers.go:353.73,357.18 3 1
github.com/aethelred/sdk-go/pkg/nn/containers.go:357.18,359.3 1 0
github.com/aethelred/sdk-go/pkg/nn/containers.go:360.2,360.16 1 1
github.com/aethelred/sdk-go/pkg/nn/containers.go:360.16,362.3 1 1
github.com/aethelred/sdk-go/pkg/nn/containers.go:365.2,369.38 4 1
github.com/aethelred/sdk-go/pkg/nn/containers.go:369.38,371.3 1 2
github.com/aethelred/sdk-go/pkg/nn/containers.go:372.2,374.33 2 1
github.com/aethelred/sdk-go/pkg/nn/containers.go:374.33,376.3 1 0
github.com/aethelred/sdk-go/pkg/nn/containers.go:378.2,378.32 1 1
github.com/aethelred/sdk-go/pkg/nn/containers.go:389.51,395.2 1 1
github.com/aethelred/sdk-go/pkg/nn/containers.go:398.75,400.13 2 1
github.com/aethelred/sdk-go/pkg/nn/containers.go:400.13,402.3 1 0
github.com/aethelred/sdk-go/pkg/nn/containers.go:404.2,407.30 4 1
github.com/aethelred/sdk-go/pkg/nn/containers.go:407.30,409.3 1 0
github.com/aethelred/sdk-go/pkg/nn/containers.go:411.2,411.32 1 1
github.com/aethelred/sdk-go/pkg/nn/containers.go:423.42,430.2 3 1
github.com/aethelred/sdk-go/pkg/nn/containers.go:433.74,435.16 2 1
github.com/aethelred/sdk-go/pkg/nn/containers.go:435.16,437.3 1 0
github.com/aethelred/sdk-go/pkg/nn/containers.go:438.2,438.38 1 1
github.com/aethelred/sdk-go/pkg/nn/containers.go:452.72,453.16 1 1
github.com/aethelred/sdk-go/pkg/nn/containers.go:453.16,455.3 1 0
github.com/aethelred/sdk-go/pkg/nn/containers.go:456.2,462.28 2 1
github.com/aethelred/sdk-go/pkg/nn/containers.go:462.28,464.3 1 2
github.com/aethelred/sdk-go/pkg/nn/containers.go:465.2,465.10 1 1
github.com/aethelred/sdk-go/pkg/nn/containers.go:469.74,471.30 2 1
github.com/aethelred/sdk-go/pkg/nn/containers.go:471.30,473.17 2 2
github.com/aethelred/sdk-go/pkg/nn/containers.go:473.17,475.4 1 0
github.com/aethelred/sdk-go/pkg/nn/containers.go:476.3,476.19 1 2
github.com/aethelred/sdk-go/pkg/nn/containers.go:479.2,479.16 1 1
github.com/aethelred/sdk-go/pkg/nn/containers.go:480.13,482.35 2 1
github.com/aethelred/sdk-go/pkg/nn/containers.go:482.35,484.4 1 1
github.com/aethelred/sdk-go/pkg/nn/containers.go:485.3,485.31 1 1
github.com/aethelred/sdk-go/pkg/nn/containers.go:486.13,487.39 1 0
github.com/aethelred/sdk-go/pkg/nn/containers.go:488.15,489.41 1 0
github.com/aethelred/sdk-go/pkg/nn/containers.go:490.10,491.62 1 0
github.com/aethelred/sdk-go/pkg/nn/containers.go:506.115,516.2 4 1
github.com/aethelred/sdk-go/pkg/nn/containers.go:519.83,520.24 1 1
github.com/aethelred/sdk-go/pkg/nn/containers.go:520.24,522.3 1 1
github.com/aethelred/sdk-go/pkg/nn/containers.go:523.2,523.37 1 0
github.com/aethelred/sdk-go/pkg/nn/layers.go:25.73,35.16 3 9
github.com/aethelred/sdk-go/pkg/nn/layers.go:35.16,37.3 1 0
github.com/aethelred/sdk-go/pkg/nn/layers.go:38.2,42.10 4 9
github.com/aethelred/sdk-go/pkg/nn/layers.go:42.10,44.17 2 6
github.com/aethelred/sdk-go/pkg/nn/layers.go:44.17,46.4 1 0
github.com/aethelred/sdk-go/pkg/nn/layers.go:48.3,50.23 3 6
github.com/aethelred/sdk-go/pkg/nn/layers.go:50.23,52.4 1 14
github.com/aethelred/sdk-go/pkg/nn/layers.go:53.3,54.43 2 6
github.com/aethelred/sdk-go/pkg/nn/layers.go:57.2,57.15 1 9
github.com/aethelred/sdk-go/pkg/nn/layers.go:61.72,66.16 3 0
github.com/aethelred/sdk-go/pkg/nn/layers.go:66.16,68.3 1 0
github.com/aethelred/sdk-go/pkg/nn/layers.go:70.2,71.16 2 0
github.com/aethelred/sdk-go/pkg/nn/layers.go:71.16,73.3 1 0
github.com/aethelred/sdk-go/pkg/nn/layers.go:75.2,75.34 1 0
github.com/aethelred/sdk-go/pkg/nn/layers.go:75.34,77.3 1 0
github.com/aethelred/sdk-go/pkg/nn/layers.go:79.2,79.30 1 0
github.com/aethelred/sdk-go/pkg/nn/layers.go:83.50,86.22 3 9
github.com/aethelred/sdk-go/pkg/nn/layers.go:86.22,88.3 1 54
github.com/aethelred/sdk-go/pkg/nn/layers.go:103.88,112.16 3 1
github.com/aethelred/sdk-go/pkg/nn/layers.go:112.16,114.3 1 0
github.com/aethelred/sdk-go/pkg/nn/layers.go:116.2,119.15 3 1
github.com/aethelred/sdk-go/pkg/nn/layers.go:123.75,132.16 6 2
github.com/aethelred/sdk-go/pkg/nn/layers.go:132.16,134.3 1 0
github.com/aethelred/sdk-go/pkg/nn/layers.go:136.2,139.30 3 2
github.com/aethelred/sdk-go/pkg/nn/layers.go:139.30,140.50 1 3
github.com/aethelred/sdk-go/pkg/nn/layers.go:140.50,142.4 1 1
github.com/aethelred/sdk-go/pkg/nn/layers.go:143.3,145.93 3 2
github.com/aethelred/sdk-go/pkg/nn/layers.go:148.2,148.20 1 1
github.com/aethelred/sdk-go/pkg/nn/layers.go:164.99,165.14 1 0
github.com/aethelred/sdk-go/pkg/nn/layers.go:165.14,167.3 1 0
github.com/aethelred/sdk-go/pkg/nn/layers.go:169.2,176.23 2 0
github.com/aethelred/sdk-go/pkg/nn/layers.go:176.23,178.17 2 0
github.com/aethelred/sdk-go/pkg/nn/layers.go:178.17,180.4 1 0
github.com/aethelred/sdk-go/pkg/nn/layers.go:181.3,185.17 4 0
github.com/aethelred/sdk-go/pkg/nn/layers.go:185.17,187.4 1 0
github.com/aethelred/sdk-go/pkg/nn/layers.go:188.3,189.45 2 0
github.com/aethelred/sdk-go/pkg/nn/layers.go:192.2,192.16 1 0
github.com/aethelred/sdk-go/pkg/nn/layers.go:196.76,201.16 3 0
github.com/aethelred/sdk-go/pkg/nn/layers.go:201.16,203.3 1 0
github.com/aethelred/sdk-go/pkg/nn/layers.go:204.2,212.16 5 0
github.com/aethelred/sdk-go/pkg/nn/layers.go:212.16,214.3 1 0
github.com/aethelred/sdk-go/pkg/nn/layers.go:215.2,224.16 7 0
github.com/aethelred/sdk-go/pkg/nn/layers.go:224.16,226.3 1 0
github.com/aethelred/sdk-go/pkg/nn/layers.go:227.2,229.25 2 0
github.com/aethelred/sdk-go/pkg/nn/layers.go:229.25,231.3 1 0
github.com/aethelred/sdk-go/pkg/nn/layers.go:234.2,234.40 1 0
github.com/aethelred/sdk-go/pkg/nn/layers.go:234.40,240.40 4 0
github.com/aethelred/sdk-go/pkg/nn/layers.go:240.40,242.4 1 0
github.com/aethelred/sdk-go/pkg/nn/layers.go:244.3,244.37 1 0
github.com/aethelred/sdk-go/pkg/nn/layers.go:244.37,247.4 2 0
github.com/aethelred/sdk-go/pkg/nn/layers.go:250.2,250.20 1 0
github.com/aethelred/sdk-go/pkg/nn/layers.go:262.57,263.14 1 0
github.com/aethelred/sdk-go/pkg/nn/layers.go:263.14,265.3 1 0
github.com/aethelred/sdk-go/pkg/nn/layers.go:267.2,274.16 3 0
github.com/aethelred/sdk-go/pkg/nn/layers.go:274.16,276.3 1 0
github.com/aethelred/sdk-go/pkg/nn/layers.go:277.2,280.16 3 0
github.com/aethelred/sdk-go/pkg/nn/layers.go:284.74,289.16 4 0
github.com/aethelred/sdk-go/pkg/nn/layers.go:289.16,291.3 1 0
github.com/aethelred/sdk-go/pkg/nn/layers.go:292.2,297.33 4 0
github.com/aethelred/sdk-go/pkg/nn/layers.go:297.33,303.32 4 0
github.com/aethelred/sdk-go/pkg/nn/layers.go:303.32,305.4 1 0
github.com/aethelred/sdk-go/pkg/nn/layers.go:306.3,309.32 2 0
github.com/aethelred/sdk-go/pkg/nn/layers.go:309.32,311.4 1 0
github.com/aethelred/sdk-go/pkg/nn/layers.go:314.2,314.20 1 0
github.com/aethelred/sdk-go/pkg/nn/layers.go:333.108,334.14 1 0
github.com/aethelred/sdk-go/pkg/nn/layers.go:334.14,336.3 1 0
github.com/aethelred/sdk-go/pkg/nn/layers.go:337.2,337.19 1 0
github.com/aethelred/sdk-go/pkg/nn/layers.go:337.19,339.3 1 0
github.com/aethelred/sdk-go/pkg/nn/layers.go:341.2,350.12 2 0
github.com/aethelred/sdk-go/pkg/nn/layers.go:350.12,358.3 6 0
github.com/aethelred/sdk-go/pkg/nn/layers.go:360.2,360.16 1 0
github.com/aethelred/sdk-go/pkg/nn/layers.go:360.16,372.3 9 0
github.com/aethelred/sdk-go/pkg/nn/layers.go:374.2,374.16 1 0
github.com/aethelred/sdk-go/pkg/nn/layers.go:378.78,386.2 2 0
github.com/aethelred/sdk-go/pkg/nn/layers.go:398.51,399.12 1 0
github.com/aethelred/sdk-go/pkg/nn/layers.go:399.12,401.3 1 0
github.com/aethelred/sdk-go/pkg/nn/layers.go:402.2,406.3 1 0
github.com/aethelred/sdk-go/pkg/nn/layers.go:410.73,411.33 1 0
github.com/aethelred/sdk-go/pkg/nn/layers.go:411.33,413.3 1 0
github.com/aethelred/sdk-go/pkg/nn/layers.go:415.2,419.15 4 0
github.com/aethelred/sdk-go/pkg/nn/layers.go:419.15,421.3 1 0
github.com/aethelred/sdk-go/pkg/nn/layers.go:421.8,423.17 2 0
github.com/aethelred/sdk-go/pkg/nn/layers.go:423.17,425.4 1 0
github.com/aethelred/sdk-go/pkg/nn/layers.go:428.2,431.22 3 0
github.com/aethelred/sdk-go/pkg/nn/layers.go:431.22,432.27 1 0
github.com/aethelred/sdk-go/pkg/nn/layers.go:432.27,434.4 1 0
github.com/aethelred/sdk-go/pkg/nn/layers.go:434.9,436.4 1 0
github.com/aethelred/sdk-go/pkg/nn/layers.go:439.2,439.20 1 0
github.com/aethelred/sdk-go/pkg/nn/layers.go:448.55,452.2 1 0
github.com/aethelred/sdk-go/pkg/nn/layers.go:463.34,468.2 1 0
github.com/aethelred/sdk-go/pkg/nn/layers.go:471.70,473.2 1 0
github.com/aethelred/sdk-go/pkg/nn/layers.go:483.67,484.24 1 0
github.com/aethelred/sdk-go/pkg/nn/layers.go:484.24,486.3 1 0
github.com/aethelred/sdk-go/pkg/nn/layers.go:487.2,491.3 1 0
github.com/aethelred/sdk-go/pkg/nn/layers.go:495.75,499.16 3 0
github.com/aethelred/sdk-go/pkg/nn/layers.go:499.16,501.3 1 0
github.com/aethelred/sdk-go/pkg/nn/layers.go:503.2,504.25 2 0
github.com/aethelred/sdk-go/pkg/nn/layers.go:504.25,505.12 1 0
github.com/aethelred/sdk-go/pkg/nn/layers.go:505.12,507.4 1 0
github.com/aethelred/sdk-go/pkg/nn/layers.go:510.2,510.20 1 0
github.com/aethelred/sdk-go/pkg/nn/layers.go:520.40,525.2 1 0
github.com/aethelred/sdk-go/pkg/nn/layers.go:528.70,530.2 1 0
github.com/aethelred/sdk-go/pkg/nn/layers.go:539.34,544.2 1 0
github.com/aethelred/sdk-go/pkg/nn/layers.go:547.70,549.2 1 0
github.com/aethelred/sdk-go/pkg/nn/layers.go:557.22,561.2 1 0
github.com/aethelred/sdk-go/pkg/nn/layers.go:564.70,566.2 1 0
github.com/aethelred/sdk-go/pkg/nn/layers.go:574.28,578.2 1 0
github.com/aethelred/sdk-go/pkg/nn/layers.go:581.73,583.2 1 0
github.com/aethelred/sdk-go/pkg/nn/layers.go:592.35,597.2 1 0
github.com/aethelred/sdk-go/pkg/nn/layers.go:600.73,602.2 1 0
github.com/aethelred/sdk-go/pkg/nn/layers.go:611.41,616.2 1 0
github.com/aethelred/sdk-go/pkg/nn/layers.go:619.76,621.2 1 0
github.com/aethelred/sdk-go/pkg/nn/layers.go:629.22,633.2 1 0
github.com/aethelred/sdk-go/pkg/nn/layers.go:636.70,640.16 3 0
github.com/aethelred/sdk-go/pkg/nn/layers.go:640.16,642.3 1 0
github.com/aethelred/sdk-go/pkg/nn/layers.go:644.2,645.25 2 0
github.com/aethelred/sdk-go/pkg/nn/layers.go:645.25,648.3 2 0
github.com/aethelred/sdk-go/pkg/nn/layers.go:650.2,650.20 1 0
github.com/aethelred/sdk-go/pkg/nn/loss.go:31.47,36.2 1 2
github.com/aethelred/sdk-go/pkg/nn/loss.go:39.73,41.2 1 0
github.com/aethelred/sdk-go/pkg/nn/loss.go:44.91,52.21 6 2
github.com/aethelred/sdk-go/pkg/nn/loss.go:53.21,54.21 1 1
github.com/aethelred/sdk-go/pkg/nn/loss.go:55.21,56.23 1 1
github.com/aethelred/sdk-go/pkg/nn/loss.go:57.20,58.22 1 0
github.com/aethelred/sdk-go/pkg/nn/loss.go:59.10,60.23 1 0
github.com/aethelred/sdk-go/pkg/nn/loss.go:71.45,76.2 1 1
github.com/aethelred/sdk-go/pkg/nn/loss.go:79.72,81.2 1 0
github.com/aethelred/sdk-go/pkg/nn/loss.go:84.90,89.21 4 1
github.com/aethelred/sdk-go/pkg/nn/loss.go:90.21,91.22 1 0
github.com/aethelred/sdk-go/pkg/nn/loss.go:92.21,93.24 1 0
github.com/aethelred/sdk-go/pkg/nn/loss.go:94.20,95.23 1 1
github.com/aethelred/sdk-go/pkg/nn/loss.go:96.10,97.24 1 0
github.com/aethelred/sdk-go/pkg/nn/loss.go:109.71,110.15 1 1
github.com/aethelred/sdk-go/pkg/nn/loss.go:110.15,112.3 1 0
github.com/aethelred/sdk-go/pkg/nn/loss.go:113.2,117.3 1 1
github.com/aethelred/sdk-go/pkg/nn/loss.go:121.78,123.2 1 0
github.com/aethelred/sdk-go/pkg/nn/loss.go:126.96,131.16 4 1
github.com/aethelred/sdk-go/pkg/nn/loss.go:131.16,133.3 1 0
github.com/aethelred/sdk-go/pkg/nn/loss.go:135.2,142.25 6 1
github.com/aethelred/sdk-go/pkg/nn/loss.go:142.25,144.15 2 2
github.com/aethelred/sdk-go/pkg/nn/loss.go:144.15,146.4 1 1
github.com/aethelred/sdk-go/pkg/nn/loss.go:148.3,148.18 1 2
github.com/aethelred/sdk-go/pkg/nn/loss.go:148.18,150.4 1 0
github.com/aethelred/sdk-go/pkg/nn/loss.go:150.9,152.4 1 2
github.com/aethelred/sdk-go/pkg/nn/loss.go:155.2,155.21 1 1
github.com/aethelred/sdk-go/pkg/nn/loss.go:156.21,157.21 1 0
github.com/aethelred/sdk-go/pkg/nn/loss.go:158.21,159.23 1 1
github.com/aethelred/sdk-go/pkg/nn/loss.go:160.20,161.22 1 0
github.com/aethelred/sdk-go/pkg/nn/loss.go:162.10,163.23 1 0
github.com/aethelred/sdk-go/pkg/nn/loss.go:177.129,185.2 1 0
github.com/aethelred/sdk-go/pkg/nn/loss.go:188.82,190.2 1 0
github.com/aethelred/sdk-go/pkg/nn/loss.go:193.100,202.16 4 0
github.com/aethelred/sdk-go/pkg/nn/loss.go:202.16,204.3 1 0
github.com/aethelred/sdk-go/pkg/nn/loss.go:205.2,215.33 7 0
github.com/aethelred/sdk-go/pkg/nn/loss.go:215.33,217.32 2 0
github.com/aethelred/sdk-go/pkg/nn/loss.go:217.32,219.4 1 0
github.com/aethelred/sdk-go/pkg/nn/loss.go:219.9,219.31 1 0
github.com/aethelred/sdk-go/pkg/nn/loss.go:219.31,224.36 4 0
github.com/aethelred/sdk-go/pkg/nn/loss.go:224.36,225.22 1 0
github.com/aethelred/sdk-go/pkg/nn/loss.go:225.22,227.6 1 0
github.com/aethelred/sdk-go/pkg/nn/loss.go:227.11,229.6 1 0
github.com/aethelred/sdk-go/pkg/nn/loss.go:231.4,231.20 1 0
github.com/aethelred/sdk-go/pkg/nn/loss.go:232.9,234.4 1 0
github.com/aethelred/sdk-go/pkg/nn/loss.go:237.2,238.16 2 0
github.com/aethelred/sdk-go/pkg/nn/loss.go:238.16,240.3 1 0
github.com/aethelred/sdk-go/pkg/nn/loss.go:242.2,242.21 1 0
github.com/aethelred/sdk-go/pkg/nn/loss.go:243.21,244.21 1 0
github.com/aethelred/sdk-go/pkg/nn/loss.go:245.21,246.23 1 0
github.com/aethelred/sdk-go/pkg/nn/loss.go:247.20,248.22 1 0
github.com/aethelred/sdk-go/pkg/nn/loss.go:249.10,250.23 1 0
github.com/aethelred/sdk-go/pkg/nn/loss.go:263.87,270.2 1 0
github.com/aethelred/sdk-go/pkg/nn/loss.go:273.73,275.2 1 0
github.com/aethelred/sdk-go/pkg/nn/loss.go:278.91,289.33 8 0
github.com/aethelred/sdk-go/pkg/nn/loss.go:289.33,291.32 2 0
github.com/aethelred/sdk-go/pkg/nn/loss.go:291.32,293.4 1 0
github.com/aethelred/sdk-go/pkg/nn/loss.go:293.9,295.4 1 0
github.com/aethelred/sdk-go/pkg/nn/loss.go:298.2,299.16 2 0
github.com/aethelred/sdk-go/pkg/nn/loss.go:299.16,301.3 1 0
github.com/aethelred/sdk-go/pkg/nn/loss.go:303.2,303.21 1 0
github.com/aethelred/sdk-go/pkg/nn/loss.go:304.21,305.21 1 0
github.com/aethelred/sdk-go/pkg/nn/loss.go:306.21,307.23 1 0
github.com/aethelred/sdk-go/pkg/nn/loss.go:308.20,309.22 1 0
github.com/aethelred/sdk-go/pkg/nn/loss.go:310.10,311.23 1 0
github.com/aethelred/sdk-go/pkg/nn/loss.go:323.70,329.2 1 0
github.com/aethelred/sdk-go/pkg/nn/loss.go:332.73,334.2 1 0
github.com/aethelred/sdk-go/pkg/nn/loss.go:337.91,342.16 4 0
github.com/aethelred/sdk-go/pkg/nn/loss.go:342.16,344.3 1 0
github.com/aethelred/sdk-go/pkg/nn/loss.go:346.2,350.25 4 0
github.com/aethelred/sdk-go/pkg/nn/loss.go:350.25,359.3 5 0
github.com/aethelred/sdk-go/pkg/nn/loss.go:361.2,361.21 1 0
github.com/aethelred/sdk-go/pkg/nn/loss.go:362.21,363.21 1 0
github.com/aethelred/sdk-go/pkg/nn/loss.go:364.21,365.23 1 0
github.com/aethelred/sdk-go/pkg/nn/loss.go:366.20,367.22 1 0
github.com/aethelred/sdk-go/pkg/nn/loss.go:368.10,369.23 1 0
github.com/aethelred/sdk-go/pkg/nn/loss.go:382.101,389.2 1 0
github.com/aethelred/sdk-go/pkg/nn/loss.go:392.83,394.2 1 0
github.com/aethelred/sdk-go/pkg/nn/loss.go:397.101,402.16 4 0
github.com/aethelred/sdk-go/pkg/nn/loss.go:402.16,404.3 1 0
github.com/aethelred/sdk-go/pkg/nn/loss.go:406.2,410.25 4 0
github.com/aethelred/sdk-go/pkg/nn/loss.go:410.25,418.3 5 0
github.com/aethelred/sdk-go/pkg/nn/loss.go:420.2,420.21 1 0
github.com/aethelred/sdk-go/pkg/nn/loss.go:421.21,422.21 1 0
github.com/aethelred/sdk-go/pkg/nn/loss.go:423.21,424.23 1 0
github.com/aethelred/sdk-go/pkg/nn/loss.go:425.20,426.22 1 0
github.com/aethelred/sdk-go/pkg/nn/loss.go:427.10,428.23 1 0
github.com/aethelred/sdk-go/pkg/nn/loss.go:441.73,442.16 1 0
github.com/aethelred/sdk-go/pkg/nn/loss.go:442.16,444.3 1 0
github.com/aethelred/sdk-go/pkg/nn/loss.go:445.2,445.16 1 0
github.com/aethelred/sdk-go/pkg/nn/loss.go:445.16,447.3 1 0
github.com/aethelred/sdk-go/pkg/nn/loss.go:448.2,453.3 1 0
github.com/aethelred/sdk-go/pkg/nn/loss.go:457.75,459.2 1 0
github.com/aethelred/sdk-go/pkg/nn/loss.go:462.93,468.16 4 0
github.com/aethelred/sdk-go/pkg/nn/loss.go:468.16,470.3 1 0
github.com/aethelred/sdk-go/pkg/nn/loss.go:471.2,480.33 7 0
github.com/aethelred/sdk-go/pkg/nn/loss.go:480.33,487.3 4 0
github.com/aethelred/sdk-go/pkg/nn/loss.go:489.2,490.16 2 0
github.com/aethelred/sdk-go/pkg/nn/loss.go:490.16,492.3 1 0
github.com/aethelred/sdk-go/pkg/nn/loss.go:494.2,494.21 1 0
github.com/aethelred/sdk-go/pkg/nn/loss.go:495.21,496.21 1 0
github.com/aethelred/sdk-go/pkg/nn/loss.go:497.21,498.23 1 0
github.com/aethelred/sdk-go/pkg/nn/loss.go:499.20,500.22 1 0
github.com/aethelred/sdk-go/pkg/nn/loss.go:501.10,502.23 1 0
github.com/aethelred/sdk-go/pkg/nn/loss.go:514.67,520.2 1 0
github.com/aethelred/sdk-go/pkg/nn/loss.go:523.75,525.2 1 0
github.com/aethelred/sdk-go/pkg/nn/loss.go:528.93,533.16 4 0
github.com/aethelred/sdk-go/pkg/nn/loss.go:533.16,535.3 1 0
github.com/aethelred/sdk-go/pkg/nn/loss.go:537.2,541.25 4 0
github.com/aethelred/sdk-go/pkg/nn/loss.go:541.25,543.18 2 0
github.com/aethelred/sdk-go/pkg/nn/loss.go:543.18,545.4 1 0
github.com/aethelred/sdk-go/pkg/nn/loss.go:545.9,547.4 1 0
github.com/aethelred/sdk-go/pkg/nn/loss.go:549.3,549.12 1 0
github.com/aethelred/sdk-go/pkg/nn/loss.go:549.12,553.4 2 0
github.com/aethelred/sdk-go/pkg/nn/loss.go:553.9,555.4 1 0
github.com/aethelred/sdk-go/pkg/nn/loss.go:558.2,558.21 1 0
github.com/aethelred/sdk-go/pkg/nn/loss.go:559.21,560.21 1 0
github.com/aethelred/sdk-go/pkg/nn/loss.go:561.21,562.23 1 0
github.com/aethelred/sdk-go/pkg/nn/loss.go:563.20,564.22 1 0
github.com/aethelred/sdk-go/pkg/nn/loss.go:565.10,566.23 1 0
github.com/aethelred/sdk-go/pkg/nn/loss.go:580.97,581.17 1 0
github.com/aethelred/sdk-go/pkg/nn/loss.go:581.17,583.3 1 0
github.com/aethelred/sdk-go/pkg/nn/loss.go:584.2,584.12 1 0
github.com/aethelred/sdk-go/pkg/nn/loss.go:584.12,586.3 1 0
github.com/aethelred/sdk-go/pkg/nn/loss.go:587.2,593.3 1 0
github.com/aethelred/sdk-go/pkg/nn/loss.go:597.83,599.2 1 0
github.com/aethelred/sdk-go/pkg/nn/loss.go:602.111,611.12 6 0
github.com/aethelred/sdk-go/pkg/nn/loss.go:611.12,616.30 4 0
github.com/aethelred/sdk-go/pkg/nn/loss.go:616.30,617.38 1 0
github.com/aethelred/sdk-go/pkg/nn/loss.go:617.38,619.5 1 0
github.com/aethelred/sdk-go/pkg/nn/loss.go:624.2,630.29 5 0
github.com/aethelred/sdk-go/pkg/nn/loss.go:630.29,631.12 1 0
github.com/aethelred/sdk-go/pkg/nn/loss.go:631.12,633.4 1 0
github.com/aethelred/sdk-go/pkg/nn/loss.go:636.2,636.21 1 0
github.com/aethelred/sdk-go/pkg/nn/loss.go:637.21,638.19 1 0
github.com/aethelred/sdk-go/pkg/nn/loss.go:639.21,640.21 1 0
github.com/aethelred/sdk-go/pkg/nn/loss.go:641.20,642.20 1 0
github.com/aethelred/sdk-go/pkg/nn/loss.go:643.10,644.21 1 0
github.com/aethelred/sdk-go/pkg/nn/loss.go:649.70,658.33 7 0
github.com/aethelred/sdk-go/pkg/nn/loss.go:658.33,660.28 2 0
github.com/aethelred/sdk-go/pkg/nn/loss.go:660.28,663.4 2 0
github.com/aethelred/sdk-go/pkg/nn/loss.go:664.3,664.47 1 0
github.com/aethelred/sdk-go/pkg/nn/loss.go:667.2,668.15 2 0
github.com/aethelred/sdk-go/pkg/nn/loss.go:679.87,685.2 1 0
github.com/aethelred/sdk-go/pkg/nn/loss.go:688.85,690.2 1 0
github.com/aethelred/sdk-go/pkg/nn/loss.go:693.114,707.33 10 0
github.com/aethelred/sdk-go/pkg/nn/loss.go:707.33,708.20 1 0
github.com/aethelred/sdk-go/pkg/nn/loss.go:708.20,711.4 1 0
github.com/aethelred/sdk-go/pkg/nn/loss.go:711.9,714.16 2 0
github.com/aethelred/sdk-go/pkg/nn/loss.go:714.16,716.5 1 0
github.com/aethelred/sdk-go/pkg/nn/loss.go:717.4,717.20 1 0
github.com/aethelred/sdk-go/pkg/nn/loss.go:721.2,722.16 2 0
github.com/aethelred/sdk-go/pkg/nn/loss.go:722.16,724.3 1 0
github.com/aethelred/sdk-go/pkg/nn/loss.go:726.2,726.21 1 0
github.com/aethelred/sdk-go/pkg/nn/loss.go:727.21,728.21 1 0
github.com/aethelred/sdk-go/pkg/nn/loss.go:729.21,730.23 1 0
github.com/aethelred/sdk-go/pkg/nn/loss.go:731.20,732.22 1 0
github.com/aethelred/sdk-go/pkg/nn/loss.go:733.10,734.23 1 0
github.com/aethelred/sdk-go/pkg/nn/loss.go:739.61,750.33 8 0
github.com/aethelred/sdk-go/pkg/nn/loss.go:750.33,752.28 2 0
github.com/aethelred/sdk-go/pkg/nn/loss.go:752.28,758.4 5 0
github.com/aethelred/sdk-go/pkg/nn/loss.go:759.3,759.80 1 0
github.com/aethelred/sdk-go/pkg/nn/loss.go:762.2,763.15 2 0
github.com/aethelred/sdk-go/pkg/nn/loss.go:774.79,775.17 1 0
github.com/aethelred/sdk-go/pkg/nn/loss.go:775.17,777.3 1 0
github.com/aethelred/sdk-go/pkg/nn/loss.go:778.2,782.3 1 0
github.com/aethelred/sdk-go/pkg/nn/loss.go:786.81,788.2 1 0
github.com/aethelred/sdk-go/pkg/nn/loss.go:791.95,801.33 7 0
github.com/aethelred/sdk-go/pkg/nn/loss.go:801.33,803.20 2 0
github.com/aethelred/sdk-go/pkg/nn/loss.go:803.20,806.4 1 0
github.com/aethelred/sdk-go/pkg/nn/loss.go:806.9,809.16 2 0
github.com/aethelred/sdk-go/pkg/nn/loss.go:809.16,811.5 1 0
github.com/aethelred/sdk-go/pkg/nn/loss.go:812.4,812.36 1 0
github.com/aethelred/sdk-go/pkg/nn/loss.go:816.2,817.16 2 0
github.com/aethelred/sdk-go/pkg/nn/loss.go:817.16,819.3 1 0
github.com/aethelred/sdk-go/pkg/nn/loss.go:821.2,821.21 1 0
github.com/aethelred/sdk-go/pkg/nn/loss.go:822.21,823.21 1 0
github.com/aethelred/sdk-go/pkg/nn/loss.go:824.21,825.23 1 0
github.com/aethelred/sdk-go/pkg/nn/loss.go:826.20,827.22 1 0
github.com/aethelred/sdk-go/pkg/nn/loss.go:828.10,829.23 1 0
github.com/aethelred/sdk-go/pkg/nn/module.go:66.61,72.2 2 22
github.com/aethelred/sdk-go/pkg/nn/module.go:75.41,79.2 3 4
github.com/aethelred/sdk-go/pkg/nn/module.go:82.43,86.2 3 1
github.com/aethelred/sdk-go/pkg/nn/module.go:96.72,102.2 1 1
github.com/aethelred/sdk-go/pkg/nn/module.go:123.45,131.2 1 48
github.com/aethelred/sdk-go/pkg/nn/module.go:134.36,136.2 1 4
github.com/aethelred/sdk-go/pkg/nn/module.go:139.43,141.2 1 21
github.com/aethelred/sdk-go/pkg/nn/module.go:144.39,146.35 2 4
github.com/aethelred/sdk-go/pkg/nn/module.go:146.35,148.3 1 2
github.com/aethelred/sdk-go/pkg/nn/module.go:152.29,154.2 1 1
github.com/aethelred/sdk-go/pkg/nn/module.go:157.40,159.2 1 4
github.com/aethelred/sdk-go/pkg/nn/module.go:162.71,168.2 5 20
github.com/aethelred/sdk-go/pkg/nn/module.go:171.66,176.2 4 1
github.com/aethelred/sdk-go/pkg/nn/module.go:179.63,184.2 4 20
github.com/aethelred/sdk-go/pkg/nn/module.go:187.48,191.33 3 13
github.com/aethelred/sdk-go/pkg/nn/module.go:191.33,192.16 1 25
github.com/aethelred/sdk-go/pkg/nn/module.go:192.16,194.4 1 15
github.com/aethelred/sdk-go/pkg/nn/module.go:196.2,198.37 2 13
github.com/aethelred/sdk-go/pkg/nn/module.go:198.37,200.3 1 0
github.com/aethelred/sdk-go/pkg/nn/module.go:202.2,202.15 1 13
github.com/aethelred/sdk-go/pkg/nn/module.go:206.62,210.36 3 5
github.com/aethelred/sdk-go/pkg/nn/module.go:210.36,213.3 2 7
github.com/aethelred/sdk-go/pkg/nn/module.go:214.2,216.50 2 5
github.com/aethelred/sdk-go/pkg/nn/module.go:216.50,217.48 1 1
github.com/aethelred/sdk-go/pkg/nn/module.go:217.48,220.4 2 2
github.com/aethelred/sdk-go/pkg/nn/module.go:223.2,223.15 1 5
github.com/aethelred/sdk-go/pkg/nn/module.go:227.42,231.30 3 1
github.com/aethelred/sdk-go/pkg/nn/module.go:231.30,233.3 1 1
github.com/aethelred/sdk-go/pkg/nn/module.go:234.2,236.37 2 1
github.com/aethelred/sdk-go/pkg/nn/module.go:236.37,237.40 1 0
github.com/aethelred/sdk-go/pkg/nn/module.go:237.40,239.4 1 0
github.com/aethelred/sdk-go/pkg/nn/module.go:242.2,242.13 1 1
github.com/aethelred/sdk-go/pkg/nn/module.go:246.42,251.35 4 16
github.com/aethelred/sdk-go/pkg/nn/module.go:251.35,253.3 1 1
github.com/aethelred/sdk-go/pkg/nn/module.go:254.2,254.17 1 16
github.com/aethelred/sdk-go/pkg/nn/module.go:258.56,263.2 3 6
github.com/aethelred/sdk-go/pkg/nn/module.go:266.51,269.2 1 1
github.com/aethelred/sdk-go/pkg/nn/module.go:272.33,273.35 1 1
github.com/aethelred/sdk-go/pkg/nn/module.go:273.35,275.3 1 1
github.com/aethelred/sdk-go/pkg/nn/module.go:279.66,281.2 1 1
github.com/aethelred/sdk-go/pkg/nn/module.go:284.60,286.2 1 1
github.com/aethelred/sdk-go/pkg/nn/module.go:289.62,291.2 1 1
github.com/aethelred/sdk-go/pkg/nn/module.go:294.76,296.2 1 1
github.com/aethelred/sdk-go/pkg/nn/module.go:299.87,303.41 2 1
github.com/aethelred/sdk-go/pkg/nn/module.go:303.41,305.17 2 1
github.com/aethelred/sdk-go/pkg/nn/module.go:305.17,307.4 1 0
github.com/aethelred/sdk-go/pkg/nn/module.go:311.2,311.38 1 1
github.com/aethelred/sdk-go/pkg/nn/module.go:311.38,313.17 2 1
github.com/aethelred/sdk-go/pkg/nn/module.go:313.17,315.4 1 0
github.com/aethelred/sdk-go/pkg/nn/module.go:318.2,318.20 1 1
github.com/aethelred/sdk-go/pkg/nn/module.go:327.44,330.43 2 1
github.com/aethelred/sdk-go/pkg/nn/module.go:330.43,332.3 1 2
github.com/aethelred/sdk-go/pkg/nn/module.go:334.2,334.45 1 1
github.com/aethelred/sdk-go/pkg/nn/module.go:334.45,335.40 1 0
github.com/aethelred/sdk-go/pkg/nn/module.go:335.40,336.37 1 0
github.com/aethelred/sdk-go/pkg/nn/module.go:336.37,338.5 1 0
github.com/aethelred/sdk-go/pkg/nn/module.go:342.2,342.14 1 1
github.com/aethelred/sdk-go/pkg/nn/module.go:346.72,349.29 2 2
github.com/aethelred/sdk-go/pkg/nn/module.go:349.29,350.32 1 3
github.com/aethelred/sdk-go/pkg/nn/module.go:350.32,353.4 1 2
github.com/aethelred/sdk-go/pkg/nn/module.go:353.9,353.20 1 1
github.com/aethelred/sdk-go/pkg/nn/module.go:353.20,355.4 1 1
github.com/aethelred/sdk-go/pkg/nn/module.go:358.2,358.12 1 1
github.com/aethelred/sdk-go/pkg/nn/module.go:362.62,364.35 2 5
github.com/aethelred/sdk-go/pkg/nn/module.go:364.35,365.34 1 7
github.com/aethelred/sdk-go/pkg/nn/module.go:365.34,367.4 1 7
github.com/aethelred/sdk-go/pkg/nn/module.go:369.2,369.14 1 5
github.com/aethelred/sdk-go/pkg/nn/module.go:375.39,381.38 5 1
github.com/aethelred/sdk-go/pkg/nn/module.go:381.38,383.3 1 0
github.com/aethelred/sdk-go/pkg/nn/module.go:385.2,385.16 1 1
github.com/aethelred/sdk-go/pkg/nn/module.go:391.44,393.42 2 2
github.com/aethelred/sdk-go/pkg/nn/module.go:393.42,395.3 1 1
github.com/aethelred/sdk-go/pkg/nn/module.go:399.34,400.40 1 1
github.com/aethelred/sdk-go/pkg/nn/module.go:400.40,402.3 1 2
github.com/aethelred/sdk-go/pkg/nn/module.go:406.36,407.40 1 1
github.com/aethelred/sdk-go/pkg/nn/module.go:407.40,409.3 1 0
github.com/aethelred/sdk-go/pkg/nn/module.go:415.87,416.19 1 1
github.com/aethelred/sdk-go/pkg/nn/module.go:416.19,418.3 1 0
github.com/aethelred/sdk-go/pkg/nn/module.go:421.2,422.31 2 1
github.com/aethelred/sdk-go/pkg/nn/module.go:422.31,423.20 1 1
github.com/aethelred/sdk-go/pkg/nn/module.go:423.20,425.31 2 1
github.com/aethelred/sdk-go/pkg/nn/module.go:425.31,426.24 1 2
github.com/aethelred/sdk-go/pkg/nn/module.go:426.24,428.6 1 2
github.com/aethelred/sdk-go/pkg/nn/module.go:428.12,430.6 0 0
github.com/aethelred/sdk-go/pkg/nn/module.go:435.2,435.21 1 1
github.com/aethelred/sdk-go/pkg/nn/module.go:435.21,437.3 1 1
github.com/aethelred/sdk-go/pkg/nn/module.go:440.2,440.33 1 1
github.com/aethelred/sdk-go/pkg/nn/module.go:440.33,442.32 2 1
github.com/aethelred/sdk-go/pkg/nn/module.go:442.32,443.21 1 1
github.com/aethelred/sdk-go/pkg/nn/module.go:443.21,445.29 2 1
github.com/aethelred/sdk-go/pkg/nn/module.go:445.29,447.6 1 2
github.com/aethelred/sdk-go/pkg/nn/module.go:452.2,452.18 1 1
github.com/aethelred/sdk-go/pkg/nn/module.go:456.64,457.31 1 1
github.com/aethelred/sdk-go/pkg/nn/module.go:457.31,458.20 1 1
github.com/aethelred/sdk-go/pkg/nn/module.go:458.20,460.31 2 1
github.com/aethelred/sdk-go/pkg/nn/module.go:460.31,461.31 1 2
github.com/aethelred/sdk-go/pkg/nn/module.go:461.31,463.6 1 1
github.com/aethelred/sdk-go/pkg/nn/module.go:463.11,463.39 1 1
github.com/aethelred/sdk-go/pkg/nn/module.go:463.39,465.6 1 1
